[Mon Jan 16 14:15:42.476822 2023] [ssl:warn] [pid 15964:tid 200] AH01909: www.example.com:443:0 server certificate does NOT include an ID which matches the server name
[Mon Jan 16 14:15:42.503750 2023] [ssl:warn] [pid 15964:tid 200] AH01909: www.example.com:443:0 server certificate does NOT include an ID which matches the server name
[Mon Jan 16 14:15:42.525692 2023] [mpm_winnt:notice] [pid 15964:tid 200] AH00455: Apache/2.4.54 (Win64) OpenSSL/1.1.1p PHP/8.0.25 configured -- resuming normal operations
[Mon Jan 16 14:15:42.525692 2023] [mpm_winnt:notice] [pid 15964:tid 200] AH00456: Apache Lounge VS16 Server built: Jun 22 2022 09:58:15
[Mon Jan 16 14:15:42.525692 2023] [core:notice] [pid 15964:tid 200] AH00094: Command line: 'C:\\xampp\\apache\\bin\\httpd.exe -d C:/xampp/apache'
[Mon Jan 16 14:15:42.528682 2023] [mpm_winnt:notice] [pid 15964:tid 200] AH00418: Parent: Created child process 12436
[Mon Jan 16 14:15:42.875005 2023] [ssl:warn] [pid 12436:tid 364] AH01909: www.example.com:443:0 server certificate does NOT include an ID which matches the server name
[Mon Jan 16 14:15:42.899940 2023] [ssl:warn] [pid 12436:tid 364] AH01909: www.example.com:443:0 server certificate does NOT include an ID which matches the server name
[Mon Jan 16 14:15:42.915898 2023] [mpm_winnt:notice] [pid 12436:tid 364] AH00354: Child: Starting 150 worker threads.
[Tue Jan 17 16:12:32.487847 2023] [ssl:warn] [pid 12440:tid 356] AH01909: www.example.com:443:0 server certificate does NOT include an ID which matches the server name
[Tue Jan 17 16:12:32.520766 2023] [ssl:warn] [pid 12440:tid 356] AH01909: www.example.com:443:0 server certificate does NOT include an ID which matches the server name
[Tue Jan 17 16:12:32.708808 2023] [mpm_winnt:notice] [pid 12440:tid 356] AH00455: Apache/2.4.54 (Win64) OpenSSL/1.1.1p PHP/8.0.25 configured -- resuming normal operations
[Tue Jan 17 16:12:32.708808 2023] [mpm_winnt:notice] [pid 12440:tid 356] AH00456: Apache Lounge VS16 Server built: Jun 22 2022 09:58:15
[Tue Jan 17 16:12:32.708808 2023] [core:notice] [pid 12440:tid 356] AH00094: Command line: 'c:\\xampp\\apache\\bin\\httpd.exe -d C:/xampp/apache'
[Tue Jan 17 16:12:32.741725 2023] [mpm_winnt:notice] [pid 12440:tid 356] AH00418: Parent: Created child process 9136
[Tue Jan 17 16:12:33.675414 2023] [ssl:warn] [pid 9136:tid 348] AH01909: www.example.com:443:0 server certificate does NOT include an ID which matches the server name
[Tue Jan 17 16:12:33.706312 2023] [ssl:warn] [pid 9136:tid 348] AH01909: www.example.com:443:0 server certificate does NOT include an ID which matches the server name
[Tue Jan 17 16:12:33.724404 2023] [mpm_winnt:notice] [pid 9136:tid 348] AH00354: Child: Starting 150 worker threads.
[Tue Jan 17 16:16:16.336456 2023] [ssl:warn] [pid 7348:tid 332] AH01909: www.example.com:443:0 server certificate does NOT include an ID which matches the server name
[Tue Jan 17 16:16:16.405679 2023] [core:warn] [pid 7348:tid 332] AH00098: pid file C:/xampp/apache/logs/httpd.pid overwritten -- Unclean shutdown of previous Apache run?
[Tue Jan 17 16:16:16.407674 2023] [ssl:warn] [pid 7348:tid 332] AH01909: www.example.com:443:0 server certificate does NOT include an ID which matches the server name
[Tue Jan 17 16:16:16.426627 2023] [mpm_winnt:notice] [pid 7348:tid 332] AH00455: Apache/2.4.54 (Win64) OpenSSL/1.1.1p PHP/8.0.25 configured -- resuming normal operations
[Tue Jan 17 16:16:16.426627 2023] [mpm_winnt:notice] [pid 7348:tid 332] AH00456: Apache Lounge VS16 Server built: Jun 22 2022 09:58:15
[Tue Jan 17 16:16:16.426627 2023] [core:notice] [pid 7348:tid 332] AH00094: Command line: 'c:\\xampp\\apache\\bin\\httpd.exe -d C:/xampp/apache'
[Tue Jan 17 16:16:16.463532 2023] [mpm_winnt:notice] [pid 7348:tid 332] AH00418: Parent: Created child process 6428
[Tue Jan 17 16:16:17.425826 2023] [ssl:warn] [pid 6428:tid 328] AH01909: www.example.com:443:0 server certificate does NOT include an ID which matches the server name
[Tue Jan 17 16:16:17.458742 2023] [ssl:warn] [pid 6428:tid 328] AH01909: www.example.com:443:0 server certificate does NOT include an ID which matches the server name
[Tue Jan 17 16:16:17.478424 2023] [mpm_winnt:notice] [pid 6428:tid 328] AH00354: Child: Starting 150 worker threads.
[Tue Jan 17 17:11:17.449030 2023] [php:error] [pid 6428:tid 1828] [client ::1:63941] PHP Parse error:  syntax error, unexpected token "echo", expecting "," or ";" in C:\\xampp\\htdocs\\exerciseChapter2.php on line 5
[Tue Jan 17 17:28:48.019437 2023] [php:error] [pid 6428:tid 1820] [client ::1:49389] PHP Fatal error:  Uncaught Error: Call to undefined function msqli_connect() in C:\\xampp\\htdocs\\testdb.php:9\nStack trace:\n#0 {main}\n  thrown in C:\\xampp\\htdocs\\testdb.php on line 9
[Tue Jan 17 17:28:59.656076 2023] [php:error] [pid 6428:tid 1844] [client ::1:49390] PHP Fatal error:  Uncaught Error: Call to undefined function msql_connect() in C:\\xampp\\htdocs\\testdb.php:9\nStack trace:\n#0 {main}\n  thrown in C:\\xampp\\htdocs\\testdb.php on line 9
[Tue Jan 17 17:29:20.870299 2023] [php:error] [pid 6428:tid 1820] [client ::1:49391] PHP Fatal error:  Uncaught Error: Call to undefined function msqli_connect() in C:\\xampp\\htdocs\\testdb.php:9\nStack trace:\n#0 {main}\n  thrown in C:\\xampp\\htdocs\\testdb.php on line 9
[Tue Jan 17 17:40:52.241004 2023] [php:error] [pid 6428:tid 1844] [client ::1:55806] PHP Parse error:  syntax error, unexpected variable "$create_SQL" in C:\\xampp\\htdocs\\dbWIP.php on line 26
[Tue Jan 17 17:41:55.736379 2023] [php:error] [pid 6428:tid 1820] [client ::1:55851] PHP Parse error:  syntax error, unexpected variable "$create_SQL" in C:\\xampp\\htdocs\\dbWIP.php on line 26
[Tue Jan 17 17:46:54.933051 2023] [php:error] [pid 6428:tid 1844] [client ::1:59525] PHP Parse error:  syntax error, unexpected variable "$create_SQL" in C:\\xampp\\htdocs\\dbWIP.php on line 26
[Tue Jan 17 17:46:55.922882 2023] [php:error] [pid 6428:tid 1844] [client ::1:59525] PHP Parse error:  syntax error, unexpected variable "$create_SQL" in C:\\xampp\\htdocs\\dbWIP.php on line 26
[Tue Jan 17 18:28:29.083777 2023] [php:error] [pid 6428:tid 1820] [client ::1:61688] PHP Parse error:  syntax error, unexpected token "else" in C:\\xampp\\htdocs\\dbWIP\\dropDBalphacrm.php on line 25, referer: http://localhost/dbWIP/
[Tue Jan 17 18:29:49.552550 2023] [php:error] [pid 6428:tid 1820] [client ::1:61695] PHP Fatal error:  Uncaught Error: Call to undefined function mysql_query() in C:\\xampp\\htdocs\\dbWIP\\dropDBalphacrm.php:36\nStack trace:\n#0 {main}\n  thrown in C:\\xampp\\htdocs\\dbWIP\\dropDBalphacrm.php on line 36, referer: http://localhost/dbWIP/
[Tue Jan 17 18:29:59.199578 2023] [php:error] [pid 6428:tid 1844] [client ::1:61696] PHP Fatal error:  Uncaught ArgumentCountError: mysqli_query() expects at least 2 arguments, 1 given in C:\\xampp\\htdocs\\dbWIP\\dropDBalphacrm.php:36\nStack trace:\n#0 C:\\xampp\\htdocs\\dbWIP\\dropDBalphacrm.php(36): mysqli_query('DROP DATABASE a...')\n#1 {main}\n  thrown in C:\\xampp\\htdocs\\dbWIP\\dropDBalphacrm.php on line 36, referer: http://localhost/dbWIP/
[Tue Jan 17 18:42:25.416377 2023] [php:error] [pid 6428:tid 1844] [client ::1:50390] PHP Fatal error:  Uncaught Error: Undefined constant "dbSelected" in C:\\xampp\\htdocs\\dbWIP\\alphacrmTableCreate.php:33\nStack trace:\n#0 {main}\n  thrown in C:\\xampp\\htdocs\\dbWIP\\alphacrmTableCreate.php on line 33, referer: http://localhost/dbWIP/
[Tue Jan 17 18:44:46.442141 2023] [php:error] [pid 6428:tid 1844] [client ::1:50404] PHP Fatal error:  Uncaught Error: Call to undefined function mysql_query() in C:\\xampp\\htdocs\\dbWIP\\alphacrmTableCreate.php:59\nStack trace:\n#0 {main}\n  thrown in C:\\xampp\\htdocs\\dbWIP\\alphacrmTableCreate.php on line 59, referer: http://localhost/dbWIP/
[Tue Jan 17 18:45:05.791503 2023] [php:error] [pid 6428:tid 1820] [client ::1:50405] PHP Fatal error:  Uncaught ArgumentCountError: mysqli_query() expects at least 2 arguments, 1 given in C:\\xampp\\htdocs\\dbWIP\\alphacrmTableCreate.php:59\nStack trace:\n#0 C:\\xampp\\htdocs\\dbWIP\\alphacrmTableCreate.php(59): mysqli_query('CREATE TABLE al...')\n#1 {main}\n  thrown in C:\\xampp\\htdocs\\dbWIP\\alphacrmTableCreate.php on line 59, referer: http://localhost/dbWIP/
[Tue Jan 17 19:10:44.404004 2023] [php:error] [pid 6428:tid 1844] [client ::1:51271] PHP Fatal error:  Uncaught Error: Call to undefined function mysqliconnect() in C:\\xampp\\htdocs\\dbWIP\\alphacrmTableCreate.php:23\nStack trace:\n#0 {main}\n  thrown in C:\\xampp\\htdocs\\dbWIP\\alphacrmTableCreate.php on line 23, referer: http://localhost/dbWIP/
[Tue Jan 17 19:11:40.728585 2023] [php:error] [pid 6428:tid 1820] [client ::1:51272] PHP Fatal error:  Uncaught TypeError: mysqli_select_db(): Argument #1 ($mysql) must be of type mysqli, string given in C:\\xampp\\htdocs\\dbWIP\\alphacrmTableCreate.php:24\nStack trace:\n#0 C:\\xampp\\htdocs\\dbWIP\\alphacrmTableCreate.php(24): mysqli_select_db('alphacrm', Object(mysqli))\n#1 {main}\n  thrown in C:\\xampp\\htdocs\\dbWIP\\alphacrmTableCreate.php on line 24, referer: http://localhost/dbWIP/
[Tue Jan 17 19:14:05.710566 2023] [php:warn] [pid 6428:tid 1820] [client ::1:51296] PHP Warning:  Undefined variable $dbSuccess in C:\\xampp\\htdocs\\dbWIP\\alphacrmTableCreate.php on line 38, referer: http://localhost/dbWIP/
[Tue Jan 17 19:14:50.264677 2023] [php:error] [pid 6428:tid 1828] [client ::1:51297] PHP Fatal error:  Uncaught Error: Call to undefined function mysql_query() in C:\\xampp\\htdocs\\dbWIP\\alphacrmTableCreate.php:51\nStack trace:\n#0 {main}\n  thrown in C:\\xampp\\htdocs\\dbWIP\\alphacrmTableCreate.php on line 51, referer: http://localhost/dbWIP/
[Tue Jan 17 19:35:33.905444 2023] [php:error] [pid 6428:tid 1828] [client ::1:63405] PHP Fatal error:  Uncaught Error: Call to undefined function mysql_Query() in C:\\xampp\\htdocs\\dbWIP\\createDBalphacrm.php:38\nStack trace:\n#0 {main}\n  thrown in C:\\xampp\\htdocs\\dbWIP\\createDBalphacrm.php on line 38, referer: http://localhost/dbWIP/
[Tue Jan 17 19:35:44.802961 2023] [php:error] [pid 6428:tid 1820] [client ::1:63406] PHP Fatal error:  Uncaught ArgumentCountError: mysqli_query() expects at least 2 arguments, 1 given in C:\\xampp\\htdocs\\dbWIP\\createDBalphacrm.php:38\nStack trace:\n#0 C:\\xampp\\htdocs\\dbWIP\\createDBalphacrm.php(38): mysqli_query('Create DATABASE...')\n#1 {main}\n  thrown in C:\\xampp\\htdocs\\dbWIP\\createDBalphacrm.php on line 38, referer: http://localhost/dbWIP/
[Tue Jan 17 19:35:54.009885 2023] [php:error] [pid 6428:tid 1828] [client ::1:63410] PHP Fatal error:  Uncaught ArgumentCountError: mysqli_query() expects at least 2 arguments, 1 given in C:\\xampp\\htdocs\\dbWIP\\createDBalphacrm.php:38\nStack trace:\n#0 C:\\xampp\\htdocs\\dbWIP\\createDBalphacrm.php(38): mysqli_query('Create DATABASE...')\n#1 {main}\n  thrown in C:\\xampp\\htdocs\\dbWIP\\createDBalphacrm.php on line 38, referer: http://localhost/dbWIP/
[Tue Jan 17 19:45:45.179912 2023] [php:error] [pid 6428:tid 1828] [client ::1:63695] PHP Parse error:  Unmatched '}' in C:\\xampp\\htdocs\\dbWIP\\insertcompanies01.php on line 110, referer: http://localhost/dbWIP/
[Tue Jan 17 19:53:36.084641 2023] [php:error] [pid 6428:tid 1812] [client ::1:61194] PHP Parse error:  Unmatched '}' in C:\\xampp\\htdocs\\dbWIP\\insertcompanies01.php on line 110, referer: http://localhost/dbWIP/
[Tue Jan 17 19:53:36.827421 2023] [php:error] [pid 6428:tid 1812] [client ::1:61194] PHP Parse error:  Unmatched '}' in C:\\xampp\\htdocs\\dbWIP\\insertcompanies01.php on line 110, referer: http://localhost/dbWIP/
[Tue Jan 17 20:17:31.939206 2023] [php:error] [pid 6428:tid 1844] [client ::1:60348] PHP Parse error:  syntax error, unexpected variable "$y" in C:\\xampp\\htdocs\\DEMO\\phpOperatorsArith.php on line 76, referer: http://localhost/DEMO/
[Tue Jan 17 20:26:45.958484 2023] [php:warn] [pid 6428:tid 1836] [client ::1:57810] PHP Warning:  Undefined variable $dbSuccess in C:\\xampp\\htdocs\\dbWIP\\insertcompanies01.php on line 24, referer: http://localhost/dbWIP/
[Tue Jan 17 20:29:07.728062 2023] [php:error] [pid 6428:tid 1836] [client ::1:57823] PHP Fatal error:  Uncaught Error: Call to undefined function mysql_query() in C:\\xampp\\htdocs\\dbWIP\\peopletodelete.php:60\nStack trace:\n#0 {main}\n  thrown in C:\\xampp\\htdocs\\dbWIP\\peopletodelete.php on line 60, referer: http://localhost/dbWIP/
[Tue Jan 17 20:29:38.565279 2023] [php:warn] [pid 6428:tid 1844] [client ::1:57824] PHP Warning:  Undefined variable $dbConnected in C:\\xampp\\htdocs\\dbWIP\\peopletodelete.php on line 60, referer: http://localhost/dbWIP/
[Tue Jan 17 20:29:38.565279 2023] [php:error] [pid 6428:tid 1844] [client ::1:57824] PHP Fatal error:  Uncaught TypeError: mysqli_query(): Argument #1 ($mysql) must be of type mysqli, null given in C:\\xampp\\htdocs\\dbWIP\\peopletodelete.php:60\nStack trace:\n#0 C:\\xampp\\htdocs\\dbWIP\\peopletodelete.php(60): mysqli_query(NULL, 'INSERT INTO tpe...')\n#1 {main}\n  thrown in C:\\xampp\\htdocs\\dbWIP\\peopletodelete.php on line 60, referer: http://localhost/dbWIP/
[Tue Jan 17 20:29:55.934207 2023] [php:warn] [pid 6428:tid 1836] [client ::1:57827] PHP Warning:  Undefined variable $dbConnected in C:\\xampp\\htdocs\\dbWIP\\peopletodelete.php on line 60, referer: http://localhost/dbWIP/
[Tue Jan 17 20:29:55.934207 2023] [php:error] [pid 6428:tid 1836] [client ::1:57827] PHP Fatal error:  Uncaught TypeError: mysqli_query(): Argument #1 ($mysql) must be of type mysqli, null given in C:\\xampp\\htdocs\\dbWIP\\peopletodelete.php:60\nStack trace:\n#0 C:\\xampp\\htdocs\\dbWIP\\peopletodelete.php(60): mysqli_query(NULL, 'INSERT INTO tpe...')\n#1 {main}\n  thrown in C:\\xampp\\htdocs\\dbWIP\\peopletodelete.php on line 60, referer: http://localhost/dbWIP/
[Tue Jan 17 20:31:06.771761 2023] [php:error] [pid 6428:tid 1844] [client ::1:57836] PHP Fatal error:  Uncaught Error: Call to undefined function mysql_connect() in C:\\xampp\\htdocs\\dbWIP\\insertPersonData.php:31\nStack trace:\n#0 {main}\n  thrown in C:\\xampp\\htdocs\\dbWIP\\insertPersonData.php on line 31, referer: http://localhost/dbWIP/
[Tue Jan 17 20:31:27.180089 2023] [php:error] [pid 6428:tid 1836] [client ::1:57837] PHP Fatal error:  Uncaught TypeError: mysqli_select_db(): Argument #1 ($mysql) must be of type mysqli, string given in C:\\xampp\\htdocs\\dbWIP\\insertPersonData.php:32\nStack trace:\n#0 C:\\xampp\\htdocs\\dbWIP\\insertPersonData.php(32): mysqli_select_db('alphacrm', Object(mysqli))\n#1 {main}\n  thrown in C:\\xampp\\htdocs\\dbWIP\\insertPersonData.php on line 32, referer: http://localhost/dbWIP/
[Tue Jan 17 20:33:10.506777 2023] [php:error] [pid 6428:tid 1836] [client ::1:57897] PHP Fatal error:  Uncaught Error: Call to undefined function mysql_connect() in C:\\xampp\\htdocs\\dbWIP\\deletepeople.php:20\nStack trace:\n#0 {main}\n  thrown in C:\\xampp\\htdocs\\dbWIP\\deletepeople.php on line 20, referer: http://localhost/dbWIP/
[Tue Jan 17 20:53:50.062534 2023] [php:error] [pid 6428:tid 1852] [client ::1:58403] PHP Fatal error:  Uncaught Error: Call to undefined function mysql_connect() in C:\\xampp\\htdocs\\test.php:18\nStack trace:\n#0 {main}\n  thrown in C:\\xampp\\htdocs\\test.php on line 18
[Tue Jan 17 21:01:15.639991 2023] [php:error] [pid 6428:tid 1820] [client ::1:58503] PHP Parse error:  syntax error, unexpected identifier "font", expecting "," or ";" in C:\\xampp\\htdocs\\DEMO\\testecho.php on line 20, referer: http://localhost/DEMO/
[Tue Jan 17 21:17:03.420627 2023] [php:error] [pid 6428:tid 1852] [client ::1:57610] PHP Fatal error:  Uncaught Error: Undefined constant "MYSQL_ASSOC" in C:\\xampp\\htdocs\\dbWIP\\select_Demo.php:44\nStack trace:\n#0 {main}\n  thrown in C:\\xampp\\htdocs\\dbWIP\\select_Demo.php on line 44, referer: http://localhost/dbWIP/
[Tue Jan 17 21:22:46.024160 2023] [php:error] [pid 6428:tid 1852] [client ::1:61921] PHP Fatal error:  Uncaught Error: Undefined constant "MYSQL_ASSOC" in C:\\xampp\\htdocs\\dbWIP\\selectTable_Demo.php:46\nStack trace:\n#0 {main}\n  thrown in C:\\xampp\\htdocs\\dbWIP\\selectTable_Demo.php on line 46, referer: http://localhost/dbWIP/
[Tue Jan 17 21:27:32.437261 2023] [php:error] [pid 6428:tid 1820] [client ::1:61945] script 'C:/xampp/htdocs/initialise.php' not found or unable to stat
[Tue Jan 17 21:27:42.938021 2023] [php:error] [pid 6428:tid 1852] [client ::1:61946] PHP Fatal error:  Uncaught Error: Call to undefined function mysql_connect() in C:\\xampp\\htdocs\\initialise\\tPersonInitialise.php:17\nStack trace:\n#0 {main}\n  thrown in C:\\xampp\\htdocs\\initialise\\tPersonInitialise.php on line 17, referer: http://localhost/initialise/
[Tue Jan 17 21:27:43.294359 2023] [php:error] [pid 6428:tid 1852] [client ::1:61946] PHP Fatal error:  Uncaught Error: Call to undefined function mysql_connect() in C:\\xampp\\htdocs\\initialise\\tCompanyInitialise.php:17\nStack trace:\n#0 {main}\n  thrown in C:\\xampp\\htdocs\\initialise\\tCompanyInitialise.php on line 17, referer: http://localhost/initialise/
[Tue Jan 17 21:31:47.899092 2023] [php:error] [pid 6428:tid 1844] [client ::1:62047] PHP Fatal error:  Uncaught Error: Undefined constant "tPerson_SQLselect" in C:\\xampp\\htdocs\\dbWIP\\selectJoin_Demo.php:44\nStack trace:\n#0 {main}\n  thrown in C:\\xampp\\htdocs\\dbWIP\\selectJoin_Demo.php on line 44, referer: http://localhost/dbWIP/
[Tue Jan 17 21:34:29.188368 2023] [php:error] [pid 6428:tid 1844] [client ::1:62073] PHP Fatal error:  Uncaught Error: Undefined constant "MYSQL_ASSOC" in C:\\xampp\\htdocs\\dbWIP\\select_Demo.php:44\nStack trace:\n#0 {main}\n  thrown in C:\\xampp\\htdocs\\dbWIP\\select_Demo.php on line 44, referer: http://localhost/dbWIP/
